<?xml version="1.0" encoding="UTF-8"?>
<!-- Generated by org.testng.reporters.JUnitReportReporter -->
<testsuite hostname="DESKTOP-GTP1059" failures="0" tests="40" name="org.gemini.com.geminiExchangeFinal" time="20.226" errors="0" timestamp="2020-04-05T21:39:27 CDT" skipped="0">
  <testcase classname="org.gemini.com.geminiExchangeFinal" name="geminiNewOrderRestfulService" time="0.285"/>
  <system-out/>
  <testcase classname="org.gemini.com.geminiExchangeFinal" name="geminiNewOrderRestfulService" time="0.266"/>
  <system-out/>
  <testcase classname="org.gemini.com.geminiExchangeFinal" name="geminiNewOrderRestfulService" time="0.325"/>
  <system-out/>
  <testcase classname="org.gemini.com.geminiExchangeFinal" name="geminiNewOrderRestfulService" time="0.455"/>
  <system-out/>
  <testcase classname="org.gemini.com.geminiExchangeFinal" name="geminiNewOrderRestfulService" time="0.290"/>
  <system-out/>
  <testcase classname="org.gemini.com.geminiExchangeFinal" name="geminiNewOrderRestfulService" time="0.444"/>
  <system-out/>
  <testcase classname="org.gemini.com.geminiExchangeFinal" name="geminiNewOrderRestfulService" time="0.267"/>
  <system-out/>
  <testcase classname="org.gemini.com.geminiExchangeFinal" name="geminiNewOrderRestfulService" time="0.264"/>
  <system-out/>
  <testcase classname="org.gemini.com.geminiExchangeFinal" name="geminiNewOrderRestfulService" time="0.272"/>
  <system-out/>
  <testcase classname="org.gemini.com.geminiExchangeFinal" name="geminiNewOrderRestfulService" time="0.292"/>
  <system-out/>
  <testcase classname="org.gemini.com.geminiExchangeFinal" name="geminiNewOrderRestfulService" time="0.302"/>
  <system-out/>
  <testcase classname="org.gemini.com.geminiExchangeFinal" name="geminiNewOrderRestfulService" time="0.280"/>
  <system-out/>
  <testcase classname="org.gemini.com.geminiExchangeFinal" name="geminiNewOrderRestfulService" time="5.098"/>
  <system-out/>
  <testcase classname="org.gemini.com.geminiExchangeFinal" name="geminiNewOrderRestfulService" time="0.277"/>
  <system-out/>
  <testcase classname="org.gemini.com.geminiExchangeFinal" name="geminiNewOrderRestfulService" time="0.300"/>
  <system-out/>
  <testcase classname="org.gemini.com.geminiExchangeFinal" name="geminiNewOrderRestfulService" time="0.355"/>
  <system-out/>
  <testcase classname="org.gemini.com.geminiExchangeFinal" name="geminiNewOrderRestfulService" time="0.305"/>
  <system-out/>
  <testcase classname="org.gemini.com.geminiExchangeFinal" name="geminiNewOrderRestfulService" time="0.352"/>
  <system-out/>
  <testcase classname="org.gemini.com.geminiExchangeFinal" name="geminiNewOrderRestfulService" time="0.266"/>
  <system-out/>
  <testcase classname="org.gemini.com.geminiExchangeFinal" name="geminiNewOrderRestfulService" time="0.279"/>
  <system-out/>
  <testcase classname="org.gemini.com.geminiExchangeFinal" name="geminiNewOrderRestfulService" time="0.303"/>
  <system-out/>
  <testcase classname="org.gemini.com.geminiExchangeFinal" name="geminiNewOrderRestfulService" time="0.281"/>
  <system-out/>
  <testcase classname="org.gemini.com.geminiExchangeFinal" name="geminiNewOrderRestfulService" time="0.254"/>
  <system-out/>
  <testcase classname="org.gemini.com.geminiExchangeFinal" name="geminiNewOrderRestfulService" time="0.295"/>
  <system-out/>
  <testcase classname="org.gemini.com.geminiExchangeFinal" name="geminiNewOrderRestfulService" time="0.288"/>
  <system-out/>
  <testcase classname="org.gemini.com.geminiExchangeFinal" name="geminiNewOrderRestfulService" time="0.292"/>
  <system-out/>
  <testcase classname="org.gemini.com.geminiExchangeFinal" name="geminiNewOrderRestfulService" time="0.311"/>
  <system-out/>
  <testcase classname="org.gemini.com.geminiExchangeFinal" name="geminiNewOrderRestfulService" time="0.280"/>
  <system-out/>
  <testcase classname="org.gemini.com.geminiExchangeFinal" name="geminiNewOrderRestfulService" time="0.274"/>
  <system-out/>
  <testcase classname="org.gemini.com.geminiExchangeFinal" name="geminiNewOrderRestfulService" time="0.334"/>
  <system-out/>
  <testcase classname="org.gemini.com.geminiExchangeFinal" name="geminiNewOrderRestfulService" time="0.288"/>
  <system-out/>
  <testcase classname="org.gemini.com.geminiExchangeFinal" name="geminiNewOrderRestfulService" time="0.298"/>
  <system-out/>
  <testcase classname="org.gemini.com.geminiExchangeFinal" name="geminiNewOrderRestfulService" time="0.315"/>
  <system-out/>
  <testcase classname="org.gemini.com.geminiExchangeFinal" name="geminiNewOrderRestfulService" time="0.296"/>
  <system-out/>
  <testcase classname="org.gemini.com.geminiExchangeFinal" name="geminiNewOrderRestfulService" time="0.283"/>
  <system-out/>
  <testcase classname="org.gemini.com.geminiExchangeFinal" name="geminiNewOrderRestfulService" time="0.263"/>
  <system-out/>
  <testcase classname="org.gemini.com.geminiExchangeFinal" name="geminiNewOrderRestfulService" time="0.332"/>
  <system-out/>
  <testcase classname="org.gemini.com.geminiExchangeFinal" name="geminiNewOrderRestfulService" time="0.296"/>
  <system-out/>
  <testcase classname="org.gemini.com.geminiExchangeFinal" name="geminiNewOrderRestfulService" time="0.310"/>
  <system-out/>
  <testcase classname="org.gemini.com.geminiExchangeFinal" name="writeToExcelFinal" time="3.659"/>
  <system-out/>
</testsuite> <!-- org.gemini.com.geminiExchangeFinal -->
