<?xml version="1.0" encoding="UTF-8"?>
<!-- Generated by org.testng.reporters.JUnitReportReporter -->
<testsuite hostname="DESKTOP-GTP1059" failures="0" tests="1" name="org.gemini.com.geminiExchange" time="8.720" errors="0" timestamp="2020-03-20T14:28:50 CDT" skipped="0">
  <testcase classname="org.gemini.com.geminiExchange" name="getCountyDetailsRestfulService" time="8.720"/>
  <system-out/>
</testsuite> <!-- org.gemini.com.geminiExchange -->
