<?xml version="1.0" encoding="UTF-8"?>
<!-- Generated by org.testng.reporters.JUnitReportReporter -->
<testsuite hostname="DESKTOP-GTP1059" failures="0" tests="1" name="org.gemini.com.geminiOrderCall" time="4.548" errors="0" timestamp="2020-03-20T23:35:36 CDT" skipped="0">
  <testcase classname="org.gemini.com.geminiOrderCall" name="getCountyDetailsRestfulService" time="4.548"/>
  <system-out/>
</testsuite> <!-- org.gemini.com.geminiOrderCall -->
