<?xml version="1.0" encoding="UTF-8"?>
<!-- Generated by org.testng.reporters.JUnitReportReporter -->
<testsuite hostname="DESKTOP-GTP1059" failures="0" tests="2" name="org.gemini.com.geminiHttp" time="0.568" errors="0" timestamp="2020-03-19T21:45:09 CDT" skipped="1">
  <testcase classname="org.gemini.com.geminiHttp" name="secondMethod" time="0.568"/>
  <system-out/>
  <testcase classname="org.gemini.com.geminiHttp" name="callusingGood">
    <skipped/>
  </testcase> <!-- callusingGood -->
  <system-out/>
</testsuite> <!-- org.gemini.com.geminiHttp -->
